2020-02-05T17:26:19+00:00 CRITICAL Uncaught Error: Cannot use object of type stdClass as array in /home/367771.cloudwaysapps.com/mvrmvkthpa/public_html/wp-admin/includes/plugin-install.php:575
Stack trace:
#0 /home/367771.cloudwaysapps.com/mvrmvkthpa/public_html/wp-includes/class-wp-hook.php(288): install_plugin_information('')
#1 /home/367771.cloudwaysapps.com/mvrmvkthpa/public_html/wp-includes/class-wp-hook.php(312): WP_Hook->apply_filters(NULL, Array)
#2 /home/367771.cloudwaysapps.com/mvrmvkthpa/public_html/wp-includes/plugin.php(478): WP_Hook->do_action(Array)
#3 /home/367771.cloudwaysapps.com/mvrmvkthpa/public_html/wp-admin/plugin-install.php(70): do_action('install_plugins...')
#4 {main}
  thrown in /home/367771.cloudwaysapps.com/mvrmvkthpa/public_html/wp-admin/includes/plugin-install.php on line 575

2020-02-05T17:26:25+00:00 CRITICAL Uncaught Error: Cannot use object of type stdClass as array in /home/367771.cloudwaysapps.com/mvrmvkthpa/public_html/wp-admin/includes/plugin-install.php:575
Stack trace:
#0 /home/367771.cloudwaysapps.com/mvrmvkthpa/public_html/wp-includes/class-wp-hook.php(288): install_plugin_information('')
#1 /home/367771.cloudwaysapps.com/mvrmvkthpa/public_html/wp-includes/class-wp-hook.php(312): WP_Hook->apply_filters(NULL, Array)
#2 /home/367771.cloudwaysapps.com/mvrmvkthpa/public_html/wp-includes/plugin.php(478): WP_Hook->do_action(Array)
#3 /home/367771.cloudwaysapps.com/mvrmvkthpa/public_html/wp-admin/plugin-install.php(70): do_action('install_plugins...')
#4 {main}
  thrown in /home/367771.cloudwaysapps.com/mvrmvkthpa/public_html/wp-admin/includes/plugin-install.php on line 575

2020-02-05T19:44:53+00:00 CRITICAL Cannot redeclare wc_billing_field_strings() (previously declared in /home/367771.cloudwaysapps.com/mvrmvkthpa/public_html/wp-content/themes/talemy-child/functions.php:54) dans /home/367771.cloudwaysapps.com/mvrmvkthpa/public_html/wp-content/themes/talemy/functions.php à la ligne 56

2020-02-05T19:44:53+00:00 CRITICAL Cannot redeclare wc_billing_field_strings() (previously declared in /home/367771.cloudwaysapps.com/mvrmvkthpa/public_html/wp-content/themes/talemy-child/functions.php:54) dans /home/367771.cloudwaysapps.com/mvrmvkthpa/public_html/wp-content/themes/talemy/functions.php à la ligne 56

2020-02-05T19:45:24+00:00 CRITICAL Cannot redeclare wc_billing_field_strings() (previously declared in /home/367771.cloudwaysapps.com/mvrmvkthpa/public_html/wp-content/themes/talemy-child/functions.php:54) dans /home/367771.cloudwaysapps.com/mvrmvkthpa/public_html/wp-content/themes/talemy/functions.php à la ligne 56

2020-02-05T21:00:30+00:00 CRITICAL Cannot redeclare wc_billing_field_strings() (previously declared in /home/367771.cloudwaysapps.com/mvrmvkthpa/public_html/wp-content/themes/talemy/functions.php:49) dans /home/367771.cloudwaysapps.com/mvrmvkthpa/public_html/wp-content/themes/talemy/functions.php à la ligne 67

2020-02-05T21:00:30+00:00 CRITICAL Cannot redeclare wc_billing_field_strings() (previously declared in /home/367771.cloudwaysapps.com/mvrmvkthpa/public_html/wp-content/themes/talemy/functions.php:49) dans /home/367771.cloudwaysapps.com/mvrmvkthpa/public_html/wp-content/themes/talemy/functions.php à la ligne 67

2020-02-05T21:11:58+00:00 CRITICAL syntax error, unexpected 'n' (T_STRING), expecting ',' or ')' dans /home/367771.cloudwaysapps.com/mvrmvkthpa/public_html/wp-content/themes/talemy/functions.php à la ligne 52

2020-02-05T21:12:10+00:00 CRITICAL syntax error, unexpected '\' (T_NS_SEPARATOR), expecting ',' or ')' dans /home/367771.cloudwaysapps.com/mvrmvkthpa/public_html/wp-content/themes/talemy/functions.php à la ligne 52

2020-02-05T21:12:25+00:00 CRITICAL syntax error, unexpected ''\n'' (T_CONSTANT_ENCAPSED_STRING), expecting ',' or ')' dans /home/367771.cloudwaysapps.com/mvrmvkthpa/public_html/wp-content/themes/talemy/functions.php à la ligne 52

2020-02-05T21:12:25+00:00 CRITICAL syntax error, unexpected ''\n'' (T_CONSTANT_ENCAPSED_STRING), expecting ',' or ')' dans /home/367771.cloudwaysapps.com/mvrmvkthpa/public_html/wp-content/themes/talemy/functions.php à la ligne 52

2020-02-05T21:12:50+00:00 CRITICAL syntax error, unexpected '/' dans /home/367771.cloudwaysapps.com/mvrmvkthpa/public_html/wp-content/themes/talemy/functions.php à la ligne 52

2020-02-05T21:12:57+00:00 CRITICAL syntax error, unexpected 'break' (T_BREAK) dans /home/367771.cloudwaysapps.com/mvrmvkthpa/public_html/wp-content/themes/talemy/functions.php à la ligne 52

2020-02-05T21:13:04+00:00 CRITICAL syntax error, unexpected '>' dans /home/367771.cloudwaysapps.com/mvrmvkthpa/public_html/wp-content/themes/talemy/functions.php à la ligne 52

2020-02-05T21:13:13+00:00 CRITICAL syntax error, unexpected '/' dans /home/367771.cloudwaysapps.com/mvrmvkthpa/public_html/wp-content/themes/talemy/functions.php à la ligne 52

2020-02-05T21:13:22+00:00 CRITICAL syntax error, unexpected '.' dans /home/367771.cloudwaysapps.com/mvrmvkthpa/public_html/wp-content/themes/talemy/functions.php à la ligne 52

